# JRE version: OpenJDK Runtime Environment (7.0_65-b32) (build 1.7.0_65-b32)
# Java VM: OpenJDK 64-Bit Server VM (24.65-b04 mixed mode linux-amd64 compressed oops)
Heap
 PSYoungGen      total 128000K, used 246K [0x00000000eba80000, 0x00000000f3880000, 0x0000000100000000)
  eden space 126976K, 0% used [0x00000000eba80000,0x00000000eba80000,0x00000000f3680000)
  from space 1024K, 24% used [0x00000000f3680000,0x00000000f36bd818,0x00000000f3780000)
  to   space 1024K, 0% used [0x00000000f3780000,0x00000000f3780000,0x00000000f3880000)
 ParOldGen       total 41472K, used 616K [0x00000000c3000000, 0x00000000c5880000, 0x00000000eba80000)
  object space 41472K, 1% used [0x00000000c3000000,0x00000000c309a088,0x00000000c5880000)
 PSPermGen       total 21504K, used 4937K [0x00000000b8a00000, 0x00000000b9f00000, 0x00000000c3000000)
  object space 21504K, 22% used [0x00000000b8a00000,0x00000000b8ed2438,0x00000000b9f00000)
GC Heap History (10 events):
Event: 0.467 GC heap after
Heap after GC invocations=4 (full 0):
 PSYoungGen      total 34304K, used 597K [0x00000000eba80000, 0x00000000ede80000, 0x0000000100000000)
  eden space 31744K, 0% used [0x00000000eba80000,0x00000000eba80000,0x00000000ed980000)
  from space 2560K, 23% used [0x00000000edc00000,0x00000000edc956a0,0x00000000ede80000)
  to   space 2560K, 0% used [0x00000000ed980000,0x00000000ed980000,0x00000000edc00000)
 ParOldGen       total 41472K, used 0K [0x00000000c3000000, 0x00000000c5880000, 0x00000000eba80000)
  object space 41472K, 0% used [0x00000000c3000000,0x00000000c3000000,0x00000000c5880000)
 PSPermGen       total 21504K, used 4937K [0x00000000b8a00000, 0x00000000b9f00000, 0x00000000c3000000)
  object space 21504K, 22% used [0x00000000b8a00000,0x00000000b8ed2438,0x00000000b9f00000)
}
Event: 0.485 GC heap before
{Heap before GC invocations=5 (full 0):
 PSYoungGen      total 34304K, used 32320K [0x00000000eba80000, 0x00000000ede80000, 0x0000000100000000)
  eden space 31744K, 99% used [0x00000000eba80000,0x00000000ed97acb8,0x00000000ed980000)
  from space 2560K, 23% used [0x00000000edc00000,0x00000000edc956a0,0x00000000ede80000)
  to   space 2560K, 0% used [0x00000000ed980000,0x00000000ed980000,0x00000000edc00000)
 ParOldGen       total 41472K, used 0K [0x00000000c3000000, 0x00000000c5880000, 0x00000000eba80000)
  object space 41472K, 0% used [0x00000000c3000000,0x00000000c3000000,0x00000000c5880000)
 PSPermGen       total 21504K, used 4937K [0x00000000b8a00000, 0x00000000b9f00000, 0x00000000c3000000)
  object space 21504K, 22% used [0x00000000b8a00000,0x00000000b8ed2438,0x00000000b9f00000)
Event: 0.487 GC heap after
Heap after GC invocations=5 (full 0):
 PSYoungGen      total 34304K, used 634K [0x00000000eba80000, 0x00000000efa80000, 0x0000000100000000)
  eden space 31744K, 0% used [0x00000000eba80000,0x00000000eba80000,0x00000000ed980000)
  from space 2560K, 24% used [0x00000000ed980000,0x00000000eda1eac8,0x00000000edc00000)
  to   space 1024K, 0% used [0x00000000ef980000,0x00000000ef980000,0x00000000efa80000)
 ParOldGen       total 41472K, used 0K [0x00000000c3000000, 0x00000000c5880000, 0x00000000eba80000)
  object space 41472K, 0% used [0x00000000c3000000,0x00000000c3000000,0x00000000c5880000)
 PSPermGen       total 21504K, used 4937K [0x00000000b8a00000, 0x00000000b9f00000, 0x00000000c3000000)
  object space 21504K, 22% used [0x00000000b8a00000,0x00000000b8ed2438,0x00000000b9f00000)
}
Event: 0.501 GC heap before
{Heap before GC invocations=6 (full 0):
 PSYoungGen      total 34304K, used 32378K [0x00000000eba80000, 0x00000000efa80000, 0x0000000100000000)
  eden space 31744K, 100% used [0x00000000eba80000,0x00000000ed980000,0x00000000ed980000)
  from space 2560K, 24% used [0x00000000ed980000,0x00000000eda1eac8,0x00000000edc00000)
  to   space 1024K, 0% used [0x00000000ef980000,0x00000000ef980000,0x00000000efa80000)
 ParOldGen       total 41472K, used 0K [0x00000000c3000000, 0x00000000c5880000, 0x00000000eba80000)
  object space 41472K, 0% used [0x00000000c3000000,0x00000000c3000000,0x00000000c5880000)
 PSPermGen       total 21504K, used 4937K [0x00000000b8a00000, 0x00000000b9f00000, 0x00000000c3000000)
  object space 21504K, 22% used [0x00000000b8a00000,0x00000000b8ed2438,0x00000000b9f00000)
Event: 0.503 GC heap after
Heap after GC invocations=6 (full 0):
 PSYoungGen      total 64512K, used 672K [0x00000000eba80000, 0x00000000efa80000, 0x0000000100000000)
  eden space 63488K, 0% used [0x00000000eba80000,0x00000000eba80000,0x00000000ef880000)
  from space 1024K, 65% used [0x00000000ef980000,0x00000000efa28000,0x00000000efa80000)
  to   space 1024K, 0% used [0x00000000ef880000,0x00000000ef880000,0x00000000ef980000)
 ParOldGen       total 41472K, used 8K [0x00000000c3000000, 0x00000000c5880000, 0x00000000eba80000)
  object space 41472K, 0% used [0x00000000c3000000,0x00000000c3002000,0x00000000c5880000)
 PSPermGen       total 21504K, used 4937K [0x00000000b8a00000, 0x00000000b9f00000, 0x00000000c3000000)
  object space 21504K, 22% used [0x00000000b8a00000,0x00000000b8ed2438,0x00000000b9f00000)
}
Event: 0.537 GC heap before
{Heap before GC invocations=7 (full 0):
 PSYoungGen      total 64512K, used 64135K [0x00000000eba80000, 0x00000000efa80000, 0x0000000100000000)
  eden space 63488K, 99% used [0x00000000eba80000,0x00000000ef879f18,0x00000000ef880000)
  from space 1024K, 65% used [0x00000000ef980000,0x00000000efa28000,0x00000000efa80000)
  to   space 1024K, 0% used [0x00000000ef880000,0x00000000ef880000,0x00000000ef980000)
 ParOldGen       total 41472K, used 8K [0x00000000c3000000, 0x00000000c5880000, 0x00000000eba80000)
  object space 41472K, 0% used [0x00000000c3000000,0x00000000c3002000,0x00000000c5880000)
 PSPermGen       total 21504K, used 4937K [0x00000000b8a00000, 0x00000000b9f00000, 0x00000000c3000000)
  object space 21504K, 22% used [0x00000000b8a00000,0x00000000b8ed2438,0x00000000b9f00000)
Event: 0.539 GC heap after
Heap after GC invocations=7 (full 0):
 PSYoungGen      total 64512K, used 262K [0x00000000eba80000, 0x00000000f3880000, 0x0000000100000000)
  eden space 63488K, 0% used [0x00000000eba80000,0x00000000eba80000,0x00000000ef880000)
  from space 1024K, 25% used [0x00000000ef880000,0x00000000ef8c1820,0x00000000ef980000)
  to   space 1024K, 0% used [0x00000000f3780000,0x00000000f3780000,0x00000000f3880000)
 ParOldGen       total 41472K, used 480K [0x00000000c3000000, 0x00000000c5880000, 0x00000000eba80000)
  object space 41472K, 1% used [0x00000000c3000000,0x00000000c3078088,0x00000000c5880000)
 PSPermGen       total 21504K, used 4937K [0x00000000b8a00000, 0x00000000b9f00000, 0x00000000c3000000)
  object space 21504K, 22% used [0x00000000b8a00000,0x00000000b8ed2438,0x00000000b9f00000)
}
Event: 0.594 GC heap before
{Heap before GC invocations=8 (full 0):
 PSYoungGen      total 64512K, used 63717K [0x00000000eba80000, 0x00000000f3880000, 0x0000000100000000)
  eden space 63488K, 99% used [0x00000000eba80000,0x00000000ef877f38,0x00000000ef880000)
  from space 1024K, 25% used [0x00000000ef880000,0x00000000ef8c1820,0x00000000ef980000)
  to   space 1024K, 0% used [0x00000000f3780000,0x00000000f3780000,0x00000000f3880000)
 ParOldGen       total 41472K, used 480K [0x00000000c3000000, 0x00000000c5880000, 0x00000000eba80000)
  object space 41472K, 1% used [0x00000000c3000000,0x00000000c3078088,0x00000000c5880000)
 PSPermGen       total 21504K, used 4937K [0x00000000b8a00000, 0x00000000b9f00000, 0x00000000c3000000)
  object space 21504K, 22% used [0x00000000b8a00000,0x00000000b8ed2438,0x00000000b9f00000)
Event: 0.595 GC heap after
Heap after GC invocations=8 (full 0):
 PSYoungGen      total 128000K, used 268K [0x00000000eba80000, 0x00000000f3880000, 0x0000000100000000)
  eden space 126976K, 0% used [0x00000000eba80000,0x00000000eba80000,0x00000000f3680000)
  from space 1024K, 26% used [0x00000000f3780000,0x00000000f37c3008,0x00000000f3880000)
  to   space 1024K, 0% used [0x00000000f3680000,0x00000000f3680000,0x00000000f3780000)
 ParOldGen       total 41472K, used 536K [0x00000000c3000000, 0x00000000c5880000, 0x00000000eba80000)
  object space 41472K, 1% used [0x00000000c3000000,0x00000000c3086088,0x00000000c5880000)
 PSPermGen       total 21504K, used 4937K [0x00000000b8a00000, 0x00000000b9f00000, 0x00000000c3000000)
  object space 21504K, 22% used [0x00000000b8a00000,0x00000000b8ed2438,0x00000000b9f00000)
}
Event: 0.639 GC heap before
{Heap before GC invocations=9 (full 0):
 PSYoungGen      total 128000K, used 127224K [0x00000000eba80000, 0x00000000f3880000, 0x0000000100000000)
  eden space 126976K, 99% used [0x00000000eba80000,0x00000000f367b090,0x00000000f3680000)
  from space 1024K, 26% used [0x00000000f3780000,0x00000000f37c3008,0x00000000f3880000)
  to   space 1024K, 0% used [0x00000000f3680000,0x00000000f3680000,0x00000000f3780000)
 ParOldGen       total 41472K, used 536K [0x00000000c3000000, 0x00000000c5880000, 0x00000000eba80000)
  object space 41472K, 1% used [0x00000000c3000000,0x00000000c3086088,0x00000000c5880000)
 PSPermGen       total 21504K, used 4937K [0x00000000b8a00000, 0x00000000b9f00000, 0x00000000c3000000)
  object space 21504K, 22% used [0x00000000b8a00000,0x00000000b8ed2438,0x00000000b9f00000)

